\BOOKMARK [0][-]{section*.1}{\376\377\000D\000e\000c\000l\000a\000r\000a\000c\000i\000\363\000n\000\040\000d\000e\000\040\000A\000u\000t\000e\000n\000t\000i\000c\000i\000d\000a\000d}{}% 1
\BOOKMARK [0][-]{section*.2}{\376\377\000R\000e\000s\000u\000m\000e\000n}{}% 2
\BOOKMARK [0][-]{section*.3}{\376\377\000A\000g\000r\000a\000d\000e\000c\000i\000m\000i\000e\000n\000t\000o\000s}{}% 3
\BOOKMARK [0][-]{chapter.14}{\376\377\000I\000n\000t\000r\000o\000d\000u\000c\000c\000i\000\363\000n}{}% 4
\BOOKMARK [1][-]{section.15}{\376\377\000I\000m\000p\000o\000r\000t\000a\000n\000c\000i\000a\000\040\000d\000e\000l\000\040\000t\000e\000m\000a}{chapter.14}% 5
\BOOKMARK [1][-]{section.16}{\376\377\000P\000l\000a\000n\000t\000e\000a\000m\000i\000e\000n\000t\000o\000\040\000d\000e\000l\000\040\000P\000r\000o\000b\000l\000e\000m\000a}{chapter.14}% 6
\BOOKMARK [1][-]{section.18}{\376\377\000T\000r\000a\000b\000a\000j\000o\000s\000\040\000p\000r\000e\000v\000i\000o\000s}{chapter.14}% 7
\BOOKMARK [2][-]{subsection.19}{\376\377\000P\000r\000o\000p\000u\000e\000s\000t\000a}{section.18}% 8
\BOOKMARK [1][-]{section.20}{\376\377\000O\000b\000j\000e\000t\000i\000v\000o}{chapter.14}% 9
\BOOKMARK [2][-]{subsection.21}{\376\377\000G\000e\000n\000e\000r\000a\000l}{section.20}% 10
\BOOKMARK [2][-]{subsection.22}{\376\377\000O\000b\000j\000e\000t\000i\000v\000o\000s\000\040\000e\000s\000p\000e\000c\000\355\000f\000i\000c\000o\000s}{section.20}% 11
\BOOKMARK [0][-]{chapter.23}{\376\377\000M\000a\000r\000c\000o\000\040\000T\000e\000\363\000r\000i\000c\000o}{}% 12
\BOOKMARK [1][-]{section.24}{\376\377\000E\000l\000\040\000s\000i\000s\000t\000e\000m\000a\000\040\000d\000e\000\040\000P\000o\000s\000i\000c\000i\000o\000n\000a\000m\000i\000e\000n\000t\000o\000\040\000G\000l\000o\000b\000a\000l\000\040\000-\000\040\000G\000P\000S}{chapter.23}% 13
\BOOKMARK [2][-]{subsection.26}{\376\377\000L\000a\000\040\000c\000o\000n\000s\000t\000e\000l\000a\000c\000i\000\363\000n\000\040\000N\000A\000V\000S\000T\000A\000R}{section.24}% 14
\BOOKMARK [2][-]{subsection.28}{\376\377\000D\000i\000s\000p\000o\000s\000i\000t\000i\000v\000o\000s\000\040\000G\000P\000S}{section.24}% 15
\BOOKMARK [2][-]{subsection.32}{\376\377\000F\000u\000n\000d\000a\000m\000e\000n\000t\000o\000\040\000m\000a\000t\000e\000m\000\341\000t\000i\000c\000o}{section.24}% 16
\BOOKMARK [2][-]{subsection.33}{\376\377\000C\000a\000u\000s\000a\000s\000\040\000d\000e\000\040\000e\000r\000r\000o\000r}{section.24}% 17
\BOOKMARK [3][-]{section*.34}{\376\377\000E\000r\000r\000o\000r\000\040\000c\000a\000u\000s\000a\000d\000o\000\040\000p\000o\000r\000\040\000e\000l\000\040\000s\000a\000t\000\351\000l\000i\000t\000e}{subsection.33}% 18
\BOOKMARK [3][-]{section*.36}{\376\377\000E\000r\000r\000o\000r\000\040\000c\000a\000u\000s\000a\000d\000o\000\040\000p\000o\000r\000\040\000l\000a\000\040\000a\000t\000m\000\363\000s\000f\000e\000r\000a}{subsection.33}% 19
\BOOKMARK [3][-]{section*.39}{\376\377\000E\000r\000r\000o\000r\000\040\000c\000a\000u\000s\000a\000d\000o\000\040\000p\000o\000r\000\040\000r\000u\000t\000a\000s\000\040\000m\000\372\000l\000t\000i\000p\000l\000e\000s}{subsection.33}% 20
\BOOKMARK [3][-]{section*.41}{\376\377\000E\000r\000r\000o\000r\000\040\000c\000a\000u\000s\000a\000d\000o\000\040\000p\000o\000r\000\040\000e\000l\000\040\000r\000e\000c\000e\000p\000t\000o\000r}{subsection.33}% 21
\BOOKMARK [3][-]{section*.42}{\376\377\000E\000r\000r\000o\000r\000\040\000p\000o\000r\000\040\000D\000i\000s\000p\000o\000n\000i\000b\000i\000l\000i\000d\000a\000d\000\040\000S\000e\000l\000e\000c\000t\000i\000v\000a}{subsection.33}% 22
\BOOKMARK [1][-]{section.44}{\376\377\000C\000o\000m\000u\000n\000i\000c\000a\000c\000i\000\363\000n\000\040\000i\000n\000a\000l\000\341\000m\000b\000r\000i\000c\000a}{chapter.23}% 23
\BOOKMARK [2][-]{subsection.47}{\376\377\000P\000r\000o\000t\000o\000c\000o\000l\000o\000\040\000Z\000i\000g\000B\000e\000e}{section.44}% 24
\BOOKMARK [2][-]{subsection.49}{\376\377\000M\000\363\000d\000u\000l\000o\000\040\000U\000H\000F\000\040\000d\000e\000l\000\040\000U\000b\000l\000o\000x\000\040\000C\0009\0004\000-\000M\0008\000P\000\040\000G\000P\000S}{section.44}% 25
\BOOKMARK [1][-]{section.50}{\376\377\000S\000i\000s\000t\000e\000m\000a\000s\000\040\000d\000e\000\040\000c\000\363\000m\000p\000u\000t\000o\000\040\000e\000m\000b\000e\000b\000i\000d\000o\000s}{chapter.23}% 26
\BOOKMARK [2][-]{subsection.51}{\376\377\000B\000e\000a\000g\000l\000e\000B\000o\000n\000e\000\040\000B\000l\000a\000c\000k}{section.50}% 27
\BOOKMARK [1][-]{section.53}{\376\377\000R\000e\000a\000l\000\040\000T\000i\000m\000e\000\040\000K\000i\000n\000e\000m\000a\000t\000i\000c\000s}{chapter.23}% 28
\BOOKMARK [1][-]{section.55}{\376\377\000F\000o\000r\000m\000a\000t\000o\000\040\000R\000T\000C\000M\0003}{chapter.23}% 29
\BOOKMARK [1][-]{section.58}{\376\377\000R\000T\000K\000L\000I\000B}{chapter.23}% 30
\BOOKMARK [0][-]{chapter.59}{\376\377\000D\000i\000s\000e\000\361\000o\000\040\000d\000e\000l\000\040\000e\000x\000p\000e\000r\000i\000m\000e\000n\000t\000o}{}% 31
\BOOKMARK [1][-]{section.60}{\376\377\000P\000r\000o\000t\000o\000t\000i\000p\000o}{chapter.59}% 32
\BOOKMARK [1][-]{section.61}{\376\377\000D\000e\000s\000c\000r\000i\000p\000c\000i\000\363\000n\000\040\000d\000e\000l\000\040\000f\000u\000n\000c\000i\000o\000n\000a\000m\000i\000e\000n\000t\000o}{chapter.59}% 33
\BOOKMARK [1][-]{section.62}{\376\377\000D\000e\000s\000c\000r\000i\000p\000c\000i\000\363\000n\000\040\000d\000e\000l\000\040\000e\000x\000p\000e\000r\000i\000m\000e\000n\000t\000o}{chapter.59}% 34
\BOOKMARK [0][-]{chapter.63}{\376\377\000R\000e\000s\000u\000l\000t\000a\000d\000o\000s}{}% 35
\BOOKMARK [0][-]{chapter.64}{\376\377\000C\000o\000n\000c\000l\000u\000s\000i\000o\000n\000e\000s}{}% 36
